Arguments: 
  /usr/local/Cellar/node/8.9.0/bin/node /usr/local/Cellar/yarn/1.3.2/libexec/bin/yarn.js add yarnif

PATH: 
  /usr/local/bin:/usr/bin:/bin:/usr/sbin:/sbin:/element55/published/tools/

Yarn version: 
  1.3.2

Node version: 
  8.9.0

Platform: 
  darwin x64

npm manifest: 
  {
    "name": "make-app-submodule-lerna",
    "version": "1.0.0",
    "description": "MakeApp helper for lerna-based submodules",
    "main": "index.js",
    "scripts": {
      "test": "echo \"Error: no test specified\" && exit 1"
    },
    "repository": {
      "type": "git",
      "url": "git+https://github.com/rhdeck/make-app-submodule-lerna.git"
    },
    "keywords": ["make-app", "git", "submodule", "lerna"],
    "author": "Ray Deck",
    "license": "MIT",
    "bugs": {
      "url": "https://github.com/rhdeck/make-app-submodule-lerna/issues"
    },
    "homepage": "https://github.com/rhdeck/make-app-submodule-lerna#readme",
    "dependencies": {
      "glob": "^7.1.2",
      "make-app-git": "rhdeck/make-app-git",
      "make-app-submodule": "rhdeck/make-app-submodule",
      "manage-submodules": "rhdeck/manage-submodules",
      "rimraf": "^2.6.2",
      "yarnif": "^1.1.0"
    },
    "bin": {
      "buildsubmodules": "cli.js"
    },
    "makeApp": {
      "runEarly": "buildsubmodules",
      "dependencies": "make-app-submodule-lerna"
    }
  }

yarn manifest: 
  No manifest

Lockfile: 
  # THIS IS AN AUTOGENERATED FILE. DO NOT EDIT THIS FILE DIRECTLY.
  # yarn lockfile v1
  
  
  balanced-match@^1.0.0:
    version "1.0.0"
    resolved "https://registry.npmjs.org/balanced-match/-/balanced-match-1.0.0.tgz#89b4d199ab2bee49de164ea02b89ce462d71b767"
  
  brace-expansion@^1.1.7:
    version "1.1.8"
    resolved "https://registry.npmjs.org/brace-expansion/-/brace-expansion-1.1.8.tgz#c07b211c7c952ec1f8efd51a77ef0d1d3990a292"
    dependencies:
      balanced-match "^1.0.0"
      concat-map "0.0.1"
  
  concat-map@0.0.1:
    version "0.0.1"
    resolved "https://registry.npmjs.org/concat-map/-/concat-map-0.0.1.tgz#d8a96bd77fd68df7793a73036a3ba0d5405d477b"
  
  fs.realpath@^1.0.0:
    version "1.0.0"
    resolved "https://registry.npmjs.org/fs.realpath/-/fs.realpath-1.0.0.tgz#1504ad2523158caa40db4a2787cb01411994ea4f"
  
  glob@^7.0.5, glob@^7.1.2:
    version "7.1.2"
    resolved "https://registry.npmjs.org/glob/-/glob-7.1.2.tgz#c19c9df9a028702d678612384a6552404c636d15"
    dependencies:
      fs.realpath "^1.0.0"
      inflight "^1.0.4"
      inherits "2"
      minimatch "^3.0.4"
      once "^1.3.0"
      path-is-absolute "^1.0.0"
  
  inflight@^1.0.4:
    version "1.0.6"
    resolved "https://registry.npmjs.org/inflight/-/inflight-1.0.6.tgz#49bd6331d7d02d0c09bc910a1075ba8165b56df9"
    dependencies:
      once "^1.3.0"
      wrappy "1"
  
  inherits@2:
    version "2.0.3"
    resolved "https://registry.npmjs.org/inherits/-/inherits-2.0.3.tgz#633c2c83e3da42a502f52466022480f4208261de"
  
  ini@^1.3.5:
    version "1.3.5"
    resolved "https://registry.npmjs.org/ini/-/ini-1.3.5.tgz#eee25f56db1c9ec6085e0c22778083f596abf927"
  
  make-app-git@^1.0.0:
    version "1.0.0"
    resolved "https://registry.npmjs.org/make-app-git/-/make-app-git-1.0.0.tgz#0a08b6d4aac9ae7e7a76533a7be3a156be32f1b8"
  
  manage-submodules@^1.1.0:
    version "1.1.0"
    resolved "https://registry.npmjs.org/manage-submodules/-/manage-submodules-1.1.0.tgz#1204d36069d9c8dc57ef578d0066baa8fd734f75"
    dependencies:
      ini "^1.3.5"
      rimraf "^2.6.2"
  
  minimatch@^3.0.4:
    version "3.0.4"
    resolved "https://registry.npmjs.org/minimatch/-/minimatch-3.0.4.tgz#5166e286457f03306064be5497e8dbb0c3d32083"
    dependencies:
      brace-expansion "^1.1.7"
  
  once@^1.3.0:
    version "1.4.0"
    resolved "https://registry.npmjs.org/once/-/once-1.4.0.tgz#583b1aa775961d4b113ac17d9c50baef9dd76bd1"
    dependencies:
      wrappy "1"
  
  path-is-absolute@^1.0.0:
    version "1.0.1"
    resolved "https://registry.npmjs.org/path-is-absolute/-/path-is-absolute-1.0.1.tgz#174b9268735534ffbc7ace6bf53a5a9e1b5c5f5f"
  
  rimraf@^2.6.2:
    version "2.6.2"
    resolved "https://registry.npmjs.org/rimraf/-/rimraf-2.6.2.tgz#2ed8150d24a16ea8651e6d6ef0f47c4158ce7a36"
    dependencies:
      glob "^7.0.5"
  
  semver@^5.4.1:
    version "5.5.0"
    resolved "https://registry.npmjs.org/semver/-/semver-5.5.0.tgz#dc4bbc7a6ca9d916dee5d43516f0092b58f7b8ab"
  
  wrappy@1:
    version "1.0.2"
    resolved "https://registry.npmjs.org/wrappy/-/wrappy-1.0.2.tgz#b5243d8f3ec1aa35f1364605bc0d1036e30ab69f"
  
  yarnif@^1.1.0:
    version "1.1.0"
    resolved "https://registry.npmjs.org/yarnif/-/yarnif-1.1.0.tgz#6900a4d7d7f51499cf2d6e071cc0e23e9507899c"
    dependencies:
      semver "^5.4.1"

Trace: 
  Error: ENOENT: no such file or directory, stat '/Users/ray/Documents/ma/make-app-submodule-lerna/node_modules/@raydeck/walk-dependencies'
